# JRE version: Java(TM) SE Runtime Environment (8.0_20-b26) (build 1.8.0_20-b26)
# Java VM: Java HotSpot(TM) 64-Bit Server VM (25.20-b23 mixed mode bsd-amd64 compressed oops)
Heap:
 PSYoungGen      total 93696K, used 17313K [0x00000007aab00000, 0x00000007b2480000, 0x00000007c0000000)
  eden space 80384K, 14% used [0x00000007aab00000,0x00000007ab6a2868,0x00000007af980000)
  from space 13312K, 40% used [0x00000007af980000,0x00000007afec5c20,0x00000007b0680000)
  to   space 12800K, 0% used [0x00000007b1800000,0x00000007b1800000,0x00000007b2480000)
 ParOldGen       total 61440K, used 22019K [0x0000000780000000, 0x0000000783c00000, 0x00000007aab00000)
  object space 61440K, 35% used [0x0000000780000000,0x0000000781580f28,0x0000000783c00000)
 Metaspace       used 37161K, capacity 38500K, committed 38696K, reserved 1083392K
  class space    used 5041K, capacity 5295K, committed 5416K, reserved 1048576K
GC Heap History (10 events):
Event: 17.410 GC heap before
{Heap before GC invocations=7 (full 1):
 PSYoungGen      total 35328K, used 32768K [0x00000007aab00000, 0x00000007afc00000, 0x00000007c0000000)
  eden space 32768K, 100% used [0x00000007aab00000,0x00000007acb00000,0x00000007acb00000)
  from space 2560K, 0% used [0x00000007acb00000,0x00000007acb00000,0x00000007acd80000)
  to   space 8704K, 0% used [0x00000007af380000,0x00000007af380000,0x00000007afc00000)
 ParOldGen       total 38400K, used 9823K [0x0000000780000000, 0x0000000782580000, 0x00000007aab00000)
  object space 38400K, 25% used [0x0000000780000000,0x0000000780997f10,0x0000000782580000)
 Metaspace       used 32164K, capacity 33276K, committed 33408K, reserved 1077248K
  class space    used 4487K, capacity 4709K, committed 4736K, reserved 1048576K
Event: 17.429 GC heap after
Heap after GC invocations=7 (full 1):
 PSYoungGen      total 60416K, used 8690K [0x00000007aab00000, 0x00000007afc00000, 0x00000007c0000000)
  eden space 51712K, 0% used [0x00000007aab00000,0x00000007aab00000,0x00000007add80000)
  from space 8704K, 99% used [0x00000007af380000,0x00000007afbfca90,0x00000007afc00000)
  to   space 10752K, 0% used [0x00000007ae700000,0x00000007ae700000,0x00000007af180000)
 ParOldGen       total 38400K, used 9978K [0x0000000780000000, 0x0000000782580000, 0x00000007aab00000)
  object space 38400K, 25% used [0x0000000780000000,0x00000007809bea40,0x0000000782580000)
 Metaspace       used 32164K, capacity 33276K, committed 33408K, reserved 1077248K
  class space    used 4487K, capacity 4709K, committed 4736K, reserved 1048576K
}
Event: 19.924 GC heap before
{Heap before GC invocations=8 (full 1):
 PSYoungGen      total 60416K, used 19324K [0x00000007aab00000, 0x00000007afc00000, 0x00000007c0000000)
  eden space 51712K, 20% used [0x00000007aab00000,0x00000007ab562820,0x00000007add80000)
  from space 8704K, 99% used [0x00000007af380000,0x00000007afbfca90,0x00000007afc00000)
  to   space 10752K, 0% used [0x00000007ae700000,0x00000007ae700000,0x00000007af180000)
 ParOldGen       total 38400K, used 9978K [0x0000000780000000, 0x0000000782580000, 0x00000007aab00000)
  object space 38400K, 25% used [0x0000000780000000,0x00000007809bea40,0x0000000782580000)
 Metaspace       used 34278K, capacity 35338K, committed 35496K, reserved 1079296K
  class space    used 4785K, capacity 5010K, committed 5032K, reserved 1048576K
Event: 19.948 GC heap after
Heap after GC invocations=8 (full 1):
 PSYoungGen      total 72192K, used 10720K [0x00000007aab00000, 0x00000007b1380000, 0x00000007c0000000)
  eden space 61440K, 0% used [0x00000007aab00000,0x00000007aab00000,0x00000007ae700000)
  from space 10752K, 99% used [0x00000007ae700000,0x00000007af178068,0x00000007af180000)
  to   space 13312K, 0% used [0x00000007b0680000,0x00000007b0680000,0x00000007b1380000)
 ParOldGen       total 38400K, used 11742K [0x0000000780000000, 0x0000000782580000, 0x00000007aab00000)
  object space 38400K, 30% used [0x0000000780000000,0x0000000780b77a50,0x0000000782580000)
 Metaspace       used 34278K, capacity 35338K, committed 35496K, reserved 1079296K
  class space    used 4785K, capacity 5010K, committed 5032K, reserved 1048576K
}
Event: 19.948 GC heap before
{Heap before GC invocations=9 (full 2):
 PSYoungGen      total 72192K, used 10720K [0x00000007aab00000, 0x00000007b1380000, 0x00000007c0000000)
  eden space 61440K, 0% used [0x00000007aab00000,0x00000007aab00000,0x00000007ae700000)
  from space 10752K, 99% used [0x00000007ae700000,0x00000007af178068,0x00000007af180000)
  to   space 13312K, 0% used [0x00000007b0680000,0x00000007b0680000,0x00000007b1380000)
 ParOldGen       total 38400K, used 11742K [0x0000000780000000, 0x0000000782580000, 0x00000007aab00000)
  object space 38400K, 30% used [0x0000000780000000,0x0000000780b77a50,0x0000000782580000)
 Metaspace       used 34278K, capacity 35338K, committed 35496K, reserved 1079296K
  class space    used 4785K, capacity 5010K, committed 5032K, reserved 1048576K
Event: 20.128 GC heap after
Heap after GC invocations=9 (full 2):
 PSYoungGen      total 72192K, used 0K [0x00000007aab00000, 0x00000007b1380000, 0x00000007c0000000)
  eden space 61440K, 0% used [0x00000007aab00000,0x00000007aab00000,0x00000007ae700000)
  from space 10752K, 0% used [0x00000007ae700000,0x00000007ae700000,0x00000007af180000)
  to   space 13312K, 0% used [0x00000007b0680000,0x00000007b0680000,0x00000007b1380000)
 ParOldGen       total 61440K, used 22003K [0x0000000780000000, 0x0000000783c00000, 0x00000007aab00000)
  object space 61440K, 35% used [0x0000000780000000,0x000000078157cf28,0x0000000783c00000)
 Metaspace       used 34278K, capacity 35338K, committed 35496K, reserved 1079296K
  class space    used 4785K, capacity 5010K, committed 5032K, reserved 1048576K
}
Event: 108.805 GC heap before
{Heap before GC invocations=10 (full 2):
 PSYoungGen      total 72192K, used 61440K [0x00000007aab00000, 0x00000007b1380000, 0x00000007c0000000)
  eden space 61440K, 100% used [0x00000007aab00000,0x00000007ae700000,0x00000007ae700000)
  from space 10752K, 0% used [0x00000007ae700000,0x00000007ae700000,0x00000007af180000)
  to   space 13312K, 0% used [0x00000007b0680000,0x00000007b0680000,0x00000007b1380000)
 ParOldGen       total 61440K, used 22003K [0x0000000780000000, 0x0000000783c00000, 0x00000007aab00000)
  object space 61440K, 35% used [0x0000000780000000,0x000000078157cf28,0x0000000783c00000)
 Metaspace       used 36675K, capacity 37964K, committed 38056K, reserved 1081344K
  class space    used 5002K, capacity 5239K, committed 5288K, reserved 1048576K
Event: 108.816 GC heap after
Heap after GC invocations=10 (full 2):
 PSYoungGen      total 93696K, used 3416K [0x00000007aab00000, 0x00000007b1c00000, 0x00000007c0000000)
  eden space 80384K, 0% used [0x00000007aab00000,0x00000007aab00000,0x00000007af980000)
  from space 13312K, 25% used [0x00000007b0680000,0x00000007b09d61b8,0x00000007b1380000)
  to   space 13312K, 0% used [0x00000007af980000,0x00000007af980000,0x00000007b0680000)
 ParOldGen       total 61440K, used 22011K [0x0000000780000000, 0x0000000783c00000, 0x00000007aab00000)
  object space 61440K, 35% used [0x0000000780000000,0x000000078157ef28,0x0000000783c00000)
 Metaspace       used 36675K, capacity 37964K, committed 38056K, reserved 1081344K
  class space    used 5002K, capacity 5239K, committed 5288K, reserved 1048576K
}
Event: 219.813 GC heap before
{Heap before GC invocations=11 (full 2):
 PSYoungGen      total 93696K, used 83800K [0x00000007aab00000, 0x00000007b1c00000, 0x00000007c0000000)
  eden space 80384K, 100% used [0x00000007aab00000,0x00000007af980000,0x00000007af980000)
  from space 13312K, 25% used [0x00000007b0680000,0x00000007b09d61b8,0x00000007b1380000)
  to   space 13312K, 0% used [0x00000007af980000,0x00000007af980000,0x00000007b0680000)
 ParOldGen       total 61440K, used 22011K [0x0000000780000000, 0x0000000783c00000, 0x00000007aab00000)
  object space 61440K, 35% used [0x0000000780000000,0x000000078157ef28,0x0000000783c00000)
 Metaspace       used 37108K, capacity 38452K, committed 38568K, reserved 1083392K
  class space    used 5036K, capacity 5285K, committed 5288K, reserved 1048576K
Event: 219.820 GC heap after
Heap after GC invocations=11 (full 2):
 PSYoungGen      total 93696K, used 5399K [0x00000007aab00000, 0x00000007b2480000, 0x00000007c0000000)
  eden space 80384K, 0% used [0x00000007aab00000,0x00000007aab00000,0x00000007af980000)
  from space 13312K, 40% used [0x00000007af980000,0x00000007afec5c20,0x00000007b0680000)
  to   space 12800K, 0% used [0x00000007b1800000,0x00000007b1800000,0x00000007b2480000)
 ParOldGen       total 61440K, used 22019K [0x0000000780000000, 0x0000000783c00000, 0x00000007aab00000)
  object space 61440K, 35% used [0x0000000780000000,0x0000000781580f28,0x0000000783c00000)
 Metaspace       used 37108K, capacity 38452K, committed 38568K, reserved 1083392K
  class space    used 5036K, capacity 5285K, committed 5288K, reserved 1048576K
}

